C:\USERS\SSIEWERT\DOCUMENTS\VISUAL STUDIO 2010\PROJECTS\EX8-SIEVE-DEMO\DEBUG\EX8-SIEVE-DEMO.EXE
C:\USERS\SSIEWERT\DOCUMENTS\VISUAL STUDIO 2010\PROJECTS\EX8-SIEVE-DEMO\DEBUG\EX8-SIEVE-DEMO.ILK
C:\USERS\SSIEWERT\DOCUMENTS\VISUAL STUDIO 2010\PROJECTS\EX8-SIEVE-DEMO\DEBUG\EX8-SIEVE-DEMO.PDB
C:\Users\ssiewert\Documents\Visual Studio 2010\Projects\Ex8-Sieve-Demo\Ex8-Sieve-Demo\Debug\cl.command.1.tlog
C:\Users\ssiewert\Documents\Visual Studio 2010\Projects\Ex8-Sieve-Demo\Ex8-Sieve-Demo\Debug\CL.read.1.tlog
C:\Users\ssiewert\Documents\Visual Studio 2010\Projects\Ex8-Sieve-Demo\Ex8-Sieve-Demo\Debug\CL.write.1.tlog
C:\USERS\SSIEWERT\DOCUMENTS\VISUAL STUDIO 2010\PROJECTS\EX8-SIEVE-DEMO\EX8-SIEVE-DEMO\DEBUG\ERAST.OBJ
C:\USERS\SSIEWERT\DOCUMENTS\VISUAL STUDIO 2010\PROJECTS\EX8-SIEVE-DEMO\EX8-SIEVE-DEMO\DEBUG\EX8-SIEVE-DEMO.EXE.EMBED.MANIFEST
C:\USERS\SSIEWERT\DOCUMENTS\VISUAL STUDIO 2010\PROJECTS\EX8-SIEVE-DEMO\EX8-SIEVE-DEMO\DEBUG\EX8-SIEVE-DEMO.EXE.EMBED.MANIFEST.RES
C:\USERS\SSIEWERT\DOCUMENTS\VISUAL STUDIO 2010\PROJECTS\EX8-SIEVE-DEMO\EX8-SIEVE-DEMO\DEBUG\EX8-SIEVE-DEMO.EXE.INTERMEDIATE.MANIFEST
C:\Users\ssiewert\Documents\Visual Studio 2010\Projects\Ex8-Sieve-Demo\Ex8-Sieve-Demo\Debug\Ex8-Sieve-Demo.write.1.tlog
C:\Users\ssiewert\Documents\Visual Studio 2010\Projects\Ex8-Sieve-Demo\Ex8-Sieve-Demo\Debug\Ex8-Sieve-Demo_manifest.rc
C:\Users\ssiewert\Documents\Visual Studio 2010\Projects\Ex8-Sieve-Demo\Ex8-Sieve-Demo\Debug\link.1888.read.1.tlog
C:\Users\ssiewert\Documents\Visual Studio 2010\Projects\Ex8-Sieve-Demo\Ex8-Sieve-Demo\Debug\link.1888.write.1.tlog
C:\Users\ssiewert\Documents\Visual Studio 2010\Projects\Ex8-Sieve-Demo\Ex8-Sieve-Demo\Debug\link.1888-cvtres.read.1.tlog
C:\Users\ssiewert\Documents\Visual Studio 2010\Projects\Ex8-Sieve-Demo\Ex8-Sieve-Demo\Debug\link.1888-cvtres.write.1.tlog
C:\Users\ssiewert\Documents\Visual Studio 2010\Projects\Ex8-Sieve-Demo\Ex8-Sieve-Demo\Debug\link.command.1.tlog
C:\Users\ssiewert\Documents\Visual Studio 2010\Projects\Ex8-Sieve-Demo\Ex8-Sieve-Demo\Debug\link.read.1.tlog
C:\Users\ssiewert\Documents\Visual Studio 2010\Projects\Ex8-Sieve-Demo\Ex8-Sieve-Demo\Debug\link.write.1.tlog
C:\Users\ssiewert\Documents\Visual Studio 2010\Projects\Ex8-Sieve-Demo\Ex8-Sieve-Demo\Debug\link-cvtres.read.1.tlog
C:\Users\ssiewert\Documents\Visual Studio 2010\Projects\Ex8-Sieve-Demo\Ex8-Sieve-Demo\Debug\link-cvtres.write.1.tlog
C:\Users\ssiewert\Documents\Visual Studio 2010\Projects\Ex8-Sieve-Demo\Ex8-Sieve-Demo\Debug\mt.command.1.tlog
C:\Users\ssiewert\Documents\Visual Studio 2010\Projects\Ex8-Sieve-Demo\Ex8-Sieve-Demo\Debug\mt.read.1.tlog
C:\Users\ssiewert\Documents\Visual Studio 2010\Projects\Ex8-Sieve-Demo\Ex8-Sieve-Demo\Debug\mt.write.1.tlog
C:\Users\ssiewert\Documents\Visual Studio 2010\Projects\Ex8-Sieve-Demo\Ex8-Sieve-Demo\Debug\rc.command.1.tlog
C:\Users\ssiewert\Documents\Visual Studio 2010\Projects\Ex8-Sieve-Demo\Ex8-Sieve-Demo\Debug\rc.read.1.tlog
C:\Users\ssiewert\Documents\Visual Studio 2010\Projects\Ex8-Sieve-Demo\Ex8-Sieve-Demo\Debug\rc.write.1.tlog
C:\Users\ssiewert\Documents\Visual Studio 2010\Projects\Ex8-Sieve-Demo\Ex8-Sieve-Demo\Debug\vc100.idb
C:\USERS\SSIEWERT\DOCUMENTS\VISUAL STUDIO 2010\PROJECTS\EX8-SIEVE-DEMO\EX8-SIEVE-DEMO\DEBUG\VC100.PDB
